2025-08-26T22:21:04.636+05:30  INFO 35260 --- [BackEnd] [main] l.i.g.backend.BackEndApplicationTests    : Starting BackEndApplicationTests using Java 21.0.5 with PID 35260 (started by Dilini in C:\Users\Dilini\OneDrive\Documents\IJSE Doc\AAD\Course Work\Maritime Shipping Service Management System\BackEnd)
2025-08-26T22:21:04.640+05:30  INFO 35260 --- [BackEnd] [main] l.i.g.backend.BackEndApplicationTests    : No active profile set, falling back to 1 default profile: "default"
2025-08-26T22:21:06.420+05:30  INFO 35260 --- [BackEnd] [main] .s.d.r.c.RepositoryConfigurationDelegate : Bootstrapping Spring Data JPA repositories in DEFAULT mode.
2025-08-26T22:21:06.523+05:30  INFO 35260 --- [BackEnd] [main] .s.d.r.c.RepositoryConfigurationDelegate : Finished Spring Data repository scanning in 86 ms. Found 5 JPA repository interfaces.
2025-08-26T22:21:07.683+05:30  INFO 35260 --- [BackEnd] [main] o.hibernate.jpa.internal.util.LogHelper  : HHH000204: Processing PersistenceUnitInfo [name: default]
2025-08-26T22:21:07.810+05:30  INFO 35260 --- [BackEnd] [main] org.hibernate.Version                    : HHH000412: Hibernate ORM core version 6.6.22.Final
2025-08-26T22:21:07.896+05:30  INFO 35260 --- [BackEnd] [main] o.h.c.internal.RegionFactoryInitiator    : HHH000026: Second-level cache disabled
2025-08-26T22:21:08.391+05:30  INFO 35260 --- [BackEnd] [main] o.s.o.j.p.SpringPersistenceUnitInfo      : No LoadTimeWeaver setup: ignoring JPA class transformer
2025-08-26T22:21:08.442+05:30  INFO 35260 --- [BackEnd] [main] com.zaxxer.hikari.HikariDataSource       : HikariPool-1 - Starting...
2025-08-26T22:21:08.952+05:30  INFO 35260 --- [BackEnd] [main] com.zaxxer.hikari.pool.HikariPool        : HikariPool-1 - Added connection com.mysql.cj.jdbc.ConnectionImpl@1e482ecd
2025-08-26T22:21:08.955+05:30  INFO 35260 --- [BackEnd] [main] com.zaxxer.hikari.HikariDataSource       : HikariPool-1 - Start completed.
2025-08-26T22:21:09.040+05:30  WARN 35260 --- [BackEnd] [main] org.hibernate.orm.deprecation            : HHH90000025: MySQLDialect does not need to be specified explicitly using 'hibernate.dialect' (remove the property setting and it will be selected by default)
2025-08-26T22:21:09.063+05:30  INFO 35260 --- [BackEnd] [main] org.hibernate.orm.connections.pooling    : HHH10001005: Database info:
	Database JDBC URL [Connecting through datasource 'HikariDataSource (HikariPool-1)']
	Database driver: undefined/unknown
	Database version: 9.1
	Autocommit mode: undefined/unknown
	Isolation level: undefined/unknown
	Minimum pool size: undefined/unknown
	Maximum pool size: undefined/unknown
2025-08-26T22:21:10.425+05:30  INFO 35260 --- [BackEnd] [main] o.h.e.t.j.p.i.JtaPlatformInitiator       : HHH000489: No JTA platform available (set 'hibernate.transaction.jta.platform' to enable JTA platform integration)
2025-08-26T22:21:10.569+05:30  INFO 35260 --- [BackEnd] [main] j.LocalContainerEntityManagerFactoryBean : Initialized JPA EntityManagerFactory for persistence unit 'default'
2025-08-26T22:21:11.366+05:30  WARN 35260 --- [BackEnd] [main] JpaBaseConfiguration$JpaWebConfiguration : spring.jpa.open-in-view is enabled by default. Therefore, database queries may be performed during view rendering. Explicitly configure spring.jpa.open-in-view to disable this warning
2025-08-26T22:21:11.433+05:30  INFO 35260 --- [BackEnd] [main] r$InitializeUserDetailsManagerConfigurer : Global AuthenticationManager configured with UserDetailsService bean with name userDetailsService
2025-08-26T22:21:12.615+05:30  INFO 35260 --- [BackEnd] [main] l.i.g.backend.BackEndApplicationTests    : Started BackEndApplicationTests in 8.403 seconds (process running for 9.673)
2025-08-26T22:21:13.088+05:30  INFO 35260 --- [BackEnd] [SpringApplicationShutdownHook] j.LocalContainerEntityManagerFactoryBean : Closing JPA EntityManagerFactory for persistence unit 'default'
2025-08-26T22:21:13.102+05:30  INFO 35260 --- [BackEnd] [SpringApplicationShutdownHook] com.zaxxer.hikari.HikariDataSource       : HikariPool-1 - Shutdown initiated...
2025-08-26T22:21:13.119+05:30  INFO 35260 --- [BackEnd] [SpringApplicationShutdownHook] com.zaxxer.hikari.HikariDataSource       : HikariPool-1 - Shutdown completed.
