2025-09-16T06:19:48.024+05:30  INFO 13640 --- [BackEnd] [main] l.i.gdse71.backend.BackEndApplication    : Starting BackEndApplication using Java 21.0.5 with PID 13640 (C:\Users\Dilini\OneDrive\Documents\IJSE Doc\AAD\Course Work\Maritime Shipping Service Management System\BackEnd\target\classes started by Dilini in C:\Users\Dilini\OneDrive\Documents\IJSE Doc\AAD\Course Work\Maritime Shipping Service Management System)
2025-09-16T06:19:48.029+05:30  INFO 13640 --- [BackEnd] [main] l.i.gdse71.backend.BackEndApplication    : No active profile set, falling back to 1 default profile: "default"
2025-09-16T06:19:49.385+05:30  INFO 13640 --- [BackEnd] [main] .s.d.r.c.RepositoryConfigurationDelegate : Bootstrapping Spring Data JPA repositories in DEFAULT mode.
2025-09-16T06:19:49.552+05:30  INFO 13640 --- [BackEnd] [main] .s.d.r.c.RepositoryConfigurationDelegate : Finished Spring Data repository scanning in 156 ms. Found 20 JPA repository interfaces.
2025-09-16T06:19:50.168+05:30  INFO 13640 --- [BackEnd] [main] o.s.b.w.embedded.tomcat.TomcatWebServer  : Tomcat initialized with port 8080 (http)
2025-09-16T06:19:50.186+05:30  INFO 13640 --- [BackEnd] [main] o.apache.catalina.core.StandardService   : Starting service [Tomcat]
2025-09-16T06:19:50.186+05:30  INFO 13640 --- [BackEnd] [main] o.apache.catalina.core.StandardEngine    : Starting Servlet engine: [Apache Tomcat/10.1.43]
2025-09-16T06:19:50.249+05:30  INFO 13640 --- [BackEnd] [main] o.a.c.c.C.[Tomcat].[localhost].[/]       : Initializing Spring embedded WebApplicationContext
2025-09-16T06:19:50.249+05:30  INFO 13640 --- [BackEnd] [main] w.s.c.ServletWebServerApplicationContext : Root WebApplicationContext: initialization completed in 2168 ms
2025-09-16T06:19:50.533+05:30  INFO 13640 --- [BackEnd] [main] o.hibernate.jpa.internal.util.LogHelper  : HHH000204: Processing PersistenceUnitInfo [name: default]
2025-09-16T06:19:50.608+05:30  INFO 13640 --- [BackEnd] [main] org.hibernate.Version                    : HHH000412: Hibernate ORM core version 6.6.22.Final
2025-09-16T06:19:50.675+05:30  INFO 13640 --- [BackEnd] [main] o.h.c.internal.RegionFactoryInitiator    : HHH000026: Second-level cache disabled
2025-09-16T06:19:51.022+05:30  INFO 13640 --- [BackEnd] [main] o.s.o.j.p.SpringPersistenceUnitInfo      : No LoadTimeWeaver setup: ignoring JPA class transformer
2025-09-16T06:19:51.056+05:30  INFO 13640 --- [BackEnd] [main] com.zaxxer.hikari.HikariDataSource       : HikariPool-1 - Starting...
2025-09-16T06:19:51.580+05:30  INFO 13640 --- [BackEnd] [main] com.zaxxer.hikari.pool.HikariPool        : HikariPool-1 - Added connection com.mysql.cj.jdbc.ConnectionImpl@75f8d9b0
2025-09-16T06:19:51.582+05:30  INFO 13640 --- [BackEnd] [main] com.zaxxer.hikari.HikariDataSource       : HikariPool-1 - Start completed.
2025-09-16T06:19:51.657+05:30  WARN 13640 --- [BackEnd] [main] org.hibernate.orm.deprecation            : HHH90000025: MySQLDialect does not need to be specified explicitly using 'hibernate.dialect' (remove the property setting and it will be selected by default)
2025-09-16T06:19:51.677+05:30  INFO 13640 --- [BackEnd] [main] org.hibernate.orm.connections.pooling    : HHH10001005: Database info:
	Database JDBC URL [Connecting through datasource 'HikariDataSource (HikariPool-1)']
	Database driver: undefined/unknown
	Database version: 9.1
	Autocommit mode: undefined/unknown
	Isolation level: undefined/unknown
	Minimum pool size: undefined/unknown
	Maximum pool size: undefined/unknown
2025-09-16T06:19:53.614+05:30  INFO 13640 --- [BackEnd] [main] o.h.e.t.j.p.i.JtaPlatformInitiator       : HHH000489: No JTA platform available (set 'hibernate.transaction.jta.platform' to enable JTA platform integration)
2025-09-16T06:19:53.994+05:30  INFO 13640 --- [BackEnd] [main] j.LocalContainerEntityManagerFactoryBean : Initialized JPA EntityManagerFactory for persistence unit 'default'
2025-09-16T06:19:55.124+05:30  WARN 13640 --- [BackEnd] [main] JpaBaseConfiguration$JpaWebConfiguration : spring.jpa.open-in-view is enabled by default. Therefore, database queries may be performed during view rendering. Explicitly configure spring.jpa.open-in-view to disable this warning
2025-09-16T06:19:55.707+05:30  INFO 13640 --- [BackEnd] [main] r$InitializeUserDetailsManagerConfigurer : Global AuthenticationManager configured with UserDetailsService bean with name userDetailsService
2025-09-16T06:19:56.437+05:30  INFO 13640 --- [BackEnd] [main] o.s.d.j.r.query.QueryEnhancerFactory     : Hibernate is in classpath; If applicable, HQL parser will be used.
2025-09-16T06:19:57.397+05:30  INFO 13640 --- [BackEnd] [main] o.s.b.w.embedded.tomcat.TomcatWebServer  : Tomcat started on port 8080 (http) with context path '/'
2025-09-16T06:19:57.409+05:30  INFO 13640 --- [BackEnd] [main] l.i.gdse71.backend.BackEndApplication    : Started BackEndApplication in 9.881 seconds (process running for 25.653)
2025-09-16T06:20:20.405+05:30  INFO 13640 --- [BackEnd] [http-nio-8080-exec-2] o.a.c.c.C.[Tomcat].[localhost].[/]       : Initializing Spring DispatcherServlet 'dispatcherServlet'
2025-09-16T06:20:20.406+05:30  INFO 13640 --- [BackEnd] [http-nio-8080-exec-2] o.s.web.servlet.DispatcherServlet        : Initializing Servlet 'dispatcherServlet'
2025-09-16T06:20:20.408+05:30  INFO 13640 --- [BackEnd] [http-nio-8080-exec-2] o.s.web.servlet.DispatcherServlet        : Completed initialization in 2 ms
2025-09-16T06:37:04.294+05:30  INFO 13640 --- [BackEnd] [SpringApplicationShutdownHook] o.s.b.w.e.tomcat.GracefulShutdown        : Commencing graceful shutdown. Waiting for active requests to complete
2025-09-16T06:37:04.309+05:30  INFO 13640 --- [BackEnd] [tomcat-shutdown] o.s.b.w.e.tomcat.GracefulShutdown        : Graceful shutdown complete
2025-09-16T06:37:04.329+05:30  INFO 13640 --- [BackEnd] [SpringApplicationShutdownHook] j.LocalContainerEntityManagerFactoryBean : Closing JPA EntityManagerFactory for persistence unit 'default'
2025-09-16T06:37:04.341+05:30  INFO 13640 --- [BackEnd] [SpringApplicationShutdownHook] com.zaxxer.hikari.HikariDataSource       : HikariPool-1 - Shutdown initiated...
2025-09-16T06:37:04.365+05:30  INFO 13640 --- [BackEnd] [SpringApplicationShutdownHook] com.zaxxer.hikari.HikariDataSource       : HikariPool-1 - Shutdown completed.
2025-09-16T06:45:34.732+05:30  INFO 15864 --- [BackEnd] [main] l.i.gdse71.backend.BackEndApplication    : Starting BackEndApplication using Java 21.0.5 with PID 15864 (C:\Users\Dilini\OneDrive\Documents\IJSE Doc\AAD\Course Work\Maritime Shipping Service Management System\BackEnd\target\classes started by Dilini in C:\Users\Dilini\OneDrive\Documents\IJSE Doc\AAD\Course Work\Maritime Shipping Service Management System)
2025-09-16T06:45:34.735+05:30  INFO 15864 --- [BackEnd] [main] l.i.gdse71.backend.BackEndApplication    : No active profile set, falling back to 1 default profile: "default"
2025-09-16T06:45:35.955+05:30  INFO 15864 --- [BackEnd] [main] .s.d.r.c.RepositoryConfigurationDelegate : Bootstrapping Spring Data JPA repositories in DEFAULT mode.
2025-09-16T06:45:36.066+05:30  INFO 15864 --- [BackEnd] [main] .s.d.r.c.RepositoryConfigurationDelegate : Finished Spring Data repository scanning in 102 ms. Found 20 JPA repository interfaces.
2025-09-16T06:45:36.660+05:30  INFO 15864 --- [BackEnd] [main] o.s.b.w.embedded.tomcat.TomcatWebServer  : Tomcat initialized with port 8080 (http)
2025-09-16T06:45:36.676+05:30  INFO 15864 --- [BackEnd] [main] o.apache.catalina.core.StandardService   : Starting service [Tomcat]
2025-09-16T06:45:36.676+05:30  INFO 15864 --- [BackEnd] [main] o.apache.catalina.core.StandardEngine    : Starting Servlet engine: [Apache Tomcat/10.1.43]
2025-09-16T06:45:36.738+05:30  INFO 15864 --- [BackEnd] [main] o.a.c.c.C.[Tomcat].[localhost].[/]       : Initializing Spring embedded WebApplicationContext
2025-09-16T06:45:36.739+05:30  INFO 15864 --- [BackEnd] [main] w.s.c.ServletWebServerApplicationContext : Root WebApplicationContext: initialization completed in 1951 ms
2025-09-16T06:45:36.936+05:30  INFO 15864 --- [BackEnd] [main] o.hibernate.jpa.internal.util.LogHelper  : HHH000204: Processing PersistenceUnitInfo [name: default]
2025-09-16T06:45:37.009+05:30  INFO 15864 --- [BackEnd] [main] org.hibernate.Version                    : HHH000412: Hibernate ORM core version 6.6.22.Final
2025-09-16T06:45:37.056+05:30  INFO 15864 --- [BackEnd] [main] o.h.c.internal.RegionFactoryInitiator    : HHH000026: Second-level cache disabled
2025-09-16T06:45:37.367+05:30  INFO 15864 --- [BackEnd] [main] o.s.o.j.p.SpringPersistenceUnitInfo      : No LoadTimeWeaver setup: ignoring JPA class transformer
2025-09-16T06:45:37.398+05:30  INFO 15864 --- [BackEnd] [main] com.zaxxer.hikari.HikariDataSource       : HikariPool-1 - Starting...
2025-09-16T06:45:37.843+05:30  INFO 15864 --- [BackEnd] [main] com.zaxxer.hikari.pool.HikariPool        : HikariPool-1 - Added connection com.mysql.cj.jdbc.ConnectionImpl@673a9db4
2025-09-16T06:45:37.845+05:30  INFO 15864 --- [BackEnd] [main] com.zaxxer.hikari.HikariDataSource       : HikariPool-1 - Start completed.
2025-09-16T06:45:37.915+05:30  WARN 15864 --- [BackEnd] [main] org.hibernate.orm.deprecation            : HHH90000025: MySQLDialect does not need to be specified explicitly using 'hibernate.dialect' (remove the property setting and it will be selected by default)
2025-09-16T06:45:37.932+05:30  INFO 15864 --- [BackEnd] [main] org.hibernate.orm.connections.pooling    : HHH10001005: Database info:
	Database JDBC URL [Connecting through datasource 'HikariDataSource (HikariPool-1)']
	Database driver: undefined/unknown
	Database version: 9.1
	Autocommit mode: undefined/unknown
	Isolation level: undefined/unknown
	Minimum pool size: undefined/unknown
	Maximum pool size: undefined/unknown
2025-09-16T06:45:39.520+05:30  INFO 15864 --- [BackEnd] [main] o.h.e.t.j.p.i.JtaPlatformInitiator       : HHH000489: No JTA platform available (set 'hibernate.transaction.jta.platform' to enable JTA platform integration)
2025-09-16T06:45:39.774+05:30  INFO 15864 --- [BackEnd] [main] j.LocalContainerEntityManagerFactoryBean : Initialized JPA EntityManagerFactory for persistence unit 'default'
2025-09-16T06:45:40.304+05:30  WARN 15864 --- [BackEnd] [main] ConfigServletWebServerApplicationContext : Exception encountered during context initialization - cancelling refresh attempt: org.springframework.beans.factory.UnsatisfiedDependencyException: Error creating bean with name 'GRNController' defined in file [C:\Users\Dilini\OneDrive\Documents\IJSE Doc\AAD\Course Work\Maritime Shipping Service Management System\BackEnd\target\classes\lk\ijse\gdse71\backend\controller\GRNController.class]: Unsatisfied dependency expressed through constructor parameter 0: No qualifying bean of type 'lk.ijse.gdse71.backend.service.GRNService' available: expected at least 1 bean which qualifies as autowire candidate. Dependency annotations: {}
2025-09-16T06:45:40.305+05:30  INFO 15864 --- [BackEnd] [main] j.LocalContainerEntityManagerFactoryBean : Closing JPA EntityManagerFactory for persistence unit 'default'
2025-09-16T06:45:40.309+05:30  INFO 15864 --- [BackEnd] [main] com.zaxxer.hikari.HikariDataSource       : HikariPool-1 - Shutdown initiated...
2025-09-16T06:45:40.317+05:30  INFO 15864 --- [BackEnd] [main] com.zaxxer.hikari.HikariDataSource       : HikariPool-1 - Shutdown completed.
2025-09-16T06:45:40.319+05:30  INFO 15864 --- [BackEnd] [main] o.apache.catalina.core.StandardService   : Stopping service [Tomcat]
2025-09-16T06:45:40.328+05:30  INFO 15864 --- [BackEnd] [main] .s.b.a.l.ConditionEvaluationReportLogger : 

Error starting ApplicationContext. To display the condition evaluation report re-run your application with 'debug' enabled.
2025-09-16T06:45:40.348+05:30 ERROR 15864 --- [BackEnd] [main] o.s.b.d.LoggingFailureAnalysisReporter   : 

***************************
APPLICATION FAILED TO START
***************************

Description:

Parameter 0 of constructor in lk.ijse.gdse71.backend.controller.GRNController required a bean of type 'lk.ijse.gdse71.backend.service.GRNService' that could not be found.


Action:

Consider defining a bean of type 'lk.ijse.gdse71.backend.service.GRNService' in your configuration.

2025-09-16T06:46:28.464+05:30  INFO 18696 --- [BackEnd] [main] l.i.gdse71.backend.BackEndApplication    : Starting BackEndApplication using Java 21.0.5 with PID 18696 (C:\Users\Dilini\OneDrive\Documents\IJSE Doc\AAD\Course Work\Maritime Shipping Service Management System\BackEnd\target\classes started by Dilini in C:\Users\Dilini\OneDrive\Documents\IJSE Doc\AAD\Course Work\Maritime Shipping Service Management System)
2025-09-16T06:46:28.467+05:30  INFO 18696 --- [BackEnd] [main] l.i.gdse71.backend.BackEndApplication    : No active profile set, falling back to 1 default profile: "default"
2025-09-16T06:46:29.661+05:30  INFO 18696 --- [BackEnd] [main] .s.d.r.c.RepositoryConfigurationDelegate : Bootstrapping Spring Data JPA repositories in DEFAULT mode.
2025-09-16T06:46:29.815+05:30  INFO 18696 --- [BackEnd] [main] .s.d.r.c.RepositoryConfigurationDelegate : Finished Spring Data repository scanning in 143 ms. Found 20 JPA repository interfaces.
2025-09-16T06:46:30.525+05:30  INFO 18696 --- [BackEnd] [main] o.s.b.w.embedded.tomcat.TomcatWebServer  : Tomcat initialized with port 8080 (http)
2025-09-16T06:46:30.537+05:30  INFO 18696 --- [BackEnd] [main] o.apache.catalina.core.StandardService   : Starting service [Tomcat]
2025-09-16T06:46:30.538+05:30  INFO 18696 --- [BackEnd] [main] o.apache.catalina.core.StandardEngine    : Starting Servlet engine: [Apache Tomcat/10.1.43]
2025-09-16T06:46:30.608+05:30  INFO 18696 --- [BackEnd] [main] o.a.c.c.C.[Tomcat].[localhost].[/]       : Initializing Spring embedded WebApplicationContext
2025-09-16T06:46:30.609+05:30  INFO 18696 --- [BackEnd] [main] w.s.c.ServletWebServerApplicationContext : Root WebApplicationContext: initialization completed in 2087 ms
2025-09-16T06:46:30.804+05:30  INFO 18696 --- [BackEnd] [main] o.hibernate.jpa.internal.util.LogHelper  : HHH000204: Processing PersistenceUnitInfo [name: default]
2025-09-16T06:46:30.844+05:30  INFO 18696 --- [BackEnd] [main] org.hibernate.Version                    : HHH000412: Hibernate ORM core version 6.6.22.Final
2025-09-16T06:46:30.870+05:30  INFO 18696 --- [BackEnd] [main] o.h.c.internal.RegionFactoryInitiator    : HHH000026: Second-level cache disabled
2025-09-16T06:46:31.096+05:30  INFO 18696 --- [BackEnd] [main] o.s.o.j.p.SpringPersistenceUnitInfo      : No LoadTimeWeaver setup: ignoring JPA class transformer
2025-09-16T06:46:31.120+05:30  INFO 18696 --- [BackEnd] [main] com.zaxxer.hikari.HikariDataSource       : HikariPool-1 - Starting...
2025-09-16T06:46:31.400+05:30  INFO 18696 --- [BackEnd] [main] com.zaxxer.hikari.pool.HikariPool        : HikariPool-1 - Added connection com.mysql.cj.jdbc.ConnectionImpl@3265995e
2025-09-16T06:46:31.402+05:30  INFO 18696 --- [BackEnd] [main] com.zaxxer.hikari.HikariDataSource       : HikariPool-1 - Start completed.
2025-09-16T06:46:31.446+05:30  WARN 18696 --- [BackEnd] [main] org.hibernate.orm.deprecation            : HHH90000025: MySQLDialect does not need to be specified explicitly using 'hibernate.dialect' (remove the property setting and it will be selected by default)
2025-09-16T06:46:31.460+05:30  INFO 18696 --- [BackEnd] [main] org.hibernate.orm.connections.pooling    : HHH10001005: Database info:
	Database JDBC URL [Connecting through datasource 'HikariDataSource (HikariPool-1)']
	Database driver: undefined/unknown
	Database version: 9.1
	Autocommit mode: undefined/unknown
	Isolation level: undefined/unknown
	Minimum pool size: undefined/unknown
	Maximum pool size: undefined/unknown
2025-09-16T06:46:32.672+05:30  INFO 18696 --- [BackEnd] [main] o.h.e.t.j.p.i.JtaPlatformInitiator       : HHH000489: No JTA platform available (set 'hibernate.transaction.jta.platform' to enable JTA platform integration)
2025-09-16T06:46:32.855+05:30  INFO 18696 --- [BackEnd] [main] j.LocalContainerEntityManagerFactoryBean : Initialized JPA EntityManagerFactory for persistence unit 'default'
2025-09-16T06:46:33.533+05:30  WARN 18696 --- [BackEnd] [main] JpaBaseConfiguration$JpaWebConfiguration : spring.jpa.open-in-view is enabled by default. Therefore, database queries may be performed during view rendering. Explicitly configure spring.jpa.open-in-view to disable this warning
2025-09-16T06:46:33.931+05:30  INFO 18696 --- [BackEnd] [main] r$InitializeUserDetailsManagerConfigurer : Global AuthenticationManager configured with UserDetailsService bean with name userDetailsService
2025-09-16T06:46:34.421+05:30  INFO 18696 --- [BackEnd] [main] o.s.d.j.r.query.QueryEnhancerFactory     : Hibernate is in classpath; If applicable, HQL parser will be used.
2025-09-16T06:46:35.002+05:30  INFO 18696 --- [BackEnd] [main] o.s.b.w.embedded.tomcat.TomcatWebServer  : Tomcat started on port 8080 (http) with context path '/'
2025-09-16T06:46:35.010+05:30  INFO 18696 --- [BackEnd] [main] l.i.gdse71.backend.BackEndApplication    : Started BackEndApplication in 7.456 seconds (process running for 8.363)
2025-09-16T06:46:49.995+05:30  INFO 18696 --- [BackEnd] [http-nio-8080-exec-2] o.a.c.c.C.[Tomcat].[localhost].[/]       : Initializing Spring DispatcherServlet 'dispatcherServlet'
2025-09-16T06:46:49.996+05:30  INFO 18696 --- [BackEnd] [http-nio-8080-exec-2] o.s.web.servlet.DispatcherServlet        : Initializing Servlet 'dispatcherServlet'
2025-09-16T06:46:49.998+05:30  INFO 18696 --- [BackEnd] [http-nio-8080-exec-2] o.s.web.servlet.DispatcherServlet        : Completed initialization in 2 ms
